\o Program:		@(#)$CDS: libManager version 6.1.8 - CAT37 02/01/2019 12:41 (sjfhw303) $
\o Sub version:		sub-version  s010 
\o Arguments:		-unmapped -mpssession virtuoso23958 -mpshost iccad2.uwaterloo.ca 
\o Working Directory:	iccad2.uwaterloo.ca:/home/tdriley/ece444/gpdk45
\o 64-bit offsets
\o Qt version: 		5.9.1
\o changeWorkingDir("/home/tdriley/ece444/gpdk45") unnecessary.
\o ddSetForcedLib("") unnecessary.
\o Log file is "/home/tdriley/ece444/gpdk45/libManager.log".
\o Opening libManager window.
\a nrSetWindowVisibility(cdsLibManager "show")
\o MPS service: map window
\o Library Manager customization server connected.
\a nrSetCurrentWindow(cdsLibManager)
\a nrResizeWindow(cdsLibManager list(360 131 1086 650))
\a cdsLibManager->libListBox->value = "ece444-labs"
\a cdsLibManager->libLineEdit->value = "ece444-labs"
\a cdsLibManager->cellListBox->value = "nmos_tb"
\a cdsLibManager->cellLineEdit->value = "nmos_tb"
\a cdsLibManager->cellLineEdit->value = ""
\a cdsLibManager->cellListBox->value = nil
\a cdsLibManager->cellListBox->value = "nmos_tb"
\a cdsLibManager->cellLineEdit->value = "nmos_tb"
\a lmgrLogShowPopup("mainListPopup1" 37 8 2 "nmos_tb")
\o MPS request: edit design
\a nrListItemAction(cdsLibManager->cellListBox 0 0)
\a cdsLibManager->libListBox->value = nil
\a cdsLibManager->libLineEdit->value = ""
\a cdsLibManager->cellLineEdit->value = ""
\a cdsLibManager->cellListBox->value = nil
\a cdsLibManager->libListBox->value = "ece444-labs"
\a cdsLibManager->libLineEdit->value = "ece444-labs"
\a cdsLibManager->cellListBox->value = "nmos_tb"
\a cdsLibManager->cellLineEdit->value = "nmos_tb"
\a cdsLibManager->cellLineEdit->value = ""
\a cdsLibManager->cellListBox->value = nil
\a cdsLibManager->cellListBox->value = "nmos_tb"
\a cdsLibManager->cellLineEdit->value = "nmos_tb"
\a nrSetCurrentWindow(cdsLibManager)
\a nrSetCurrentWindow(cdsLibManager)
\a cdsLibManager->libListBox->value = nil
\a cdsLibManager->libLineEdit->value = ""
\a cdsLibManager->cellListBox->value = nil
\a cdsLibManager->cellLineEdit->value = ""
\a cdsLibManager->libListBox->value = "ece444-labs"
\a cdsLibManager->libLineEdit->value = "ece444-labs"
\a cdsLibManager->cellListBox->value = "nmos_tb"
\a cdsLibManager->cellLineEdit->value = "nmos_tb"
\a cdsLibManager->cellLineEdit->value = ""
\a cdsLibManager->cellListBox->value = nil
\a cdsLibManager->cellListBox->value = "nmos_tb"
\a cdsLibManager->cellLineEdit->value = "nmos_tb"
\a nrSetCurrentWindow(cdsLibManager)
\a nrSetCurrentWindow(cdsLibManager)
\a nrSetCurrentWindow(cdsLibManager)
\a nrSetWindowVisibility(cdsLibManager "hide")
\a _lmgrCloseIconify("cdsLibManager" 1)
\a nrSetWindowVisibility(cdsLibManager "show")
\a nrSetCurrentWindow(cdsLibManager)
\a lmgrLogShowPopup("mainListPopup1" 39 12 2 "nmos_tb")
\a cdsLibManager->FileNewCVButton->value = t
\a nrSetCurrentWindow(cdsLibManager)
\a nrSetCurrentWindow(cdsLibManager)
\a nrSetWindowVisibility(cdsLibManager "hide")
\a _lmgrCloseIconify("cdsLibManager" 1)
\o MPS service: shutdown
\o libManager is exiting.
\a exit(0)
