\# Program start time:     UTC 2021.01.26 21:35:59.112
\# Local time: EST (UTC-05:00) 2021.01.26 16:35:59.112
\o Program:		@(#)$CDS: virtuoso version 6.1.8-64b 03/06/2019 04:04 (ip-172-18-22-55) $
\o Hierarchy:		/CMC/tools/cadence/IC06.18.020_lnx86/tools.lnx86/dfII/
\o Sub version:		sub-version  IC6.1.8-64b.500.2  (64-bit addresses)
\# Command line:	/CMC/tools/cadence/IC06.18.020_lnx86/tools.lnx86/dfII/bin/64bit/virtuoso -noautostart -mpssession virtuoso26571 -mpshost iccad2.uwaterloo.ca -davinciService DaVinciService_26571_1611694012 -log /home/tdriley/ece444/gpdk45/logs_tdriley/logs0/Job2.log -licenseLockFileName /home/tdriley/ece444/gpdk45/.tmp_tdriley/.iccad2.uwaterloo.ca_26571 -interactiveA -interactiveE -interactiveRTT -nograph -nostdin -axlChildIdFlag 2
\# Host name (type):	iccad2.uwaterloo.ca (x86_64)
\# Operating system:	Linux 3.10.0-1127.el7.x86_64 #1 SMP Wed Apr 1 12:25:50 CDT 2020
\# Linux /etc/issue:	\S
\# Linux /etc/issue:	Kernel \r on an \m
\# X display name (WxH):	:95 (1024x868)
\# Available geometry:			TL(0:0) BR(1023:867)
\# X server:			RealVNC Ltd (VNC nograph server, PID 9040)
\# Depth of Visual (Root):	16 (16)
\# Number of Planes Used:	16
\# X version:		11.0 (vendor release 3370)
\# X resource pool:	base 0x800000, mask 0x3fffff (4194303), shift 0
\# 			current id 0x0, current max 0x3ffffa (4194298)
\# Max data seg size:	     unlimited
\# Max process size:	     unlimited
\# Initial sbrk value:	        506 MB
\# Available memory:	     26,772 MB
\# System memory:	     31,970 MB
\# Maximum memory size:	     31,606 MB
\# Max mem available:	     26,914 MB
\# Initial memory used:	        142 MB
\#        process size:	      1,335 MB
\# Thread usage limits (effective/default):	maxthreads 4096/4096 maxload 4.00/4.00
\# Qt version:		5.9.1
\# Window Manager:	other
\# User Name:		tdriley
\o Working Directory:	iccad2.uwaterloo.ca:/home/tdriley/ece444/gpdk45
\# Process Id:		9055
\o 
\o COPYRIGHT (C) 1992-2019  CADENCE DESIGN SYSTEMS INC.  ALL RIGHTS RESERVED.
\o           (C) 1992-2019  UNIX SYSTEMS Laboratories INC.,
\o                          Reproduced with permission.
\o 
\o This Cadence Design Systems program and online documentation are
\o proprietary/confidential information and may be disclosed/used only
\o as authorized in a license agreement controlling such use and disclosure.
\o 
\o           RESTRICTED RIGHTS NOTICE (SHORT FORM)
\o Use/reproduction/disclosure is subject to restriction
\o set forth at FAR 1252.227-19 or its equivalent.
\o Loading geView.cxt 
\o Loading menuBuilder.cxt 
\o Loading schView.cxt 
\o Loading selectSv.cxt 
\o Loading pvsui.cxt.
\o Loading wireEdit.cxt 
\o Loading pte2.cxt 
\o Loading xlUI.cxt 
\o Loading auCore.cxt 
\o Loading vhdl.cxt 
\o Loading seismic.cxt 
\o Loading ci.cxt 
\o Loading layers.cxt 
\o Loading ams.cxt 
\o Loading oasis.cxt 
\o Loading analog.cxt 
\o Loading asimenv.cxt 
\o Loading dal.cxt 
\o Loading awv.cxt 
\o Loading socket.cxt 
\o Loading par.cxt 
\o Loading alvs.cxt 
\o Loading caa.cxt 
\o Loading amps.cxt 
\o Loading adexlCore.cxt 
\o Loading adexl.cxt 
\o *Info*    Exporting services from client ... 
\o 
\o Loading cli.cxt 
\o Loading cle.cxt 
\# Memory report: using         259 MB, process size 1,538 MB at UTC 2021.01.26 21:36:02.058
\o INFO (ELI-00302) Connecting to parent process (session=virtuoso26571, host=iccad2.uwaterloo.ca). ICRP is turned on. Total timeout is 180 seconds. Connection timeout is 90 seconds.
\o INFO (ELI-00303) Step 1: Connecting to parent. Time spent is 0 seconds.
\o INFO (ELI-00304) The registration of the child 9055 within 90 seconds is being processed...
\o INFO (ELI-00305) The result of registration is true. Time spent is 0 seconds.
\o INFO (ELI-00308) The connection has ended. Result is true. Total time spent is 0 seconds.
\o // 
\o // 
\o //          The Cadence GPDK045 
\o //          45nm CMOS 11M/2P Generic PDK 
\o //            gpdk045   v6.0: The Virtuoso technology library 
\o //            gsclib045 v4.4: The multi-Vt standard cell library set 
\o //            giolib045 v3.3: The IO and bondpad cells library 
\o // 
\o // 
\o END OF SKILL CUSTOMIZATION
\o END OF Cadence BINDKEY CUSTOMIZATION
\o END OF USER CUSTOMIZATION
\o //
\o //  Calibre Skill Interface * (v2019.1_37.21) *
\o //
\o //                 Copyright Mentor Graphics Corporation 2005
\o //                             All Rights Reserved.
\o //         THIS WORK CONTAINS TRADE SECRET AND PROPRIETARY INFORMATION
\o //            WHICH IS THE PROPERTY OF MENTOR GRAPHICS CORPORATION
\o //              OR ITS LICENSORS AND IS SUBJECT TO LICENSE TERMS.
\o //
\o //
\o END OF Calibre CUSTOMIZATION
\o *Info*    Client has finished starting ... 
\o 
\p > 
\a _treeSetOpcGUI(t)
\r t
\o Loading vqp.cxt 
\o 
\o 
\o *Info*    Configuring the session ...
\o 
\o 	Library      = ece444-labs
\o 	Cell         = nmos_tb
\o 	View         = schematic
\o 	Simulator    = spectre
\o 	State Path   = $AXL_SETUPDB_DIR/test_states
\o 	State Name   = ID_VDS_none_Interactive.5
\o 	Results DB   = /home/tdriley/ece444/gpdk45/ece444#2dlabs/nmos_tb/adexl/results/data/Interactive.5.rdb
\o 	Results Dir  = /home/tdriley/simulation/ece444-labs/nmos_tb/adexl/results/data/Interactive.5/1/ID_VDS
\o 	Results Loc  = /home/tdriley/simulation/ece444-labs/nmos_tb/adexl/results/data
\o 	Project Dir  = /home/tdriley/simulation
\o 	Setup DB loc = /home/tdriley/ece444/gpdk45/ece444#2dlabs/nmos_tb/adexl
\o 	File Encoding = 0
\o 
\o 
\o Loading simui.cxt 
\o Loading vdsil.cxt 
\o Loading viva.cxt 
\o Loading gpdk045/libInit.il ...
\o 	Loading gpdk045/loadCxt.ile ... done!
\o 	Loading context 'gpdk045' from library 'gpdk045' ... done!
\o 	Loading context 'pdkUtils' from library 'gpdk045' ... done!
\o 	Loading gpdk045/gpdk045_customFilter.il ... done!
\o 	Loading gpdk045/libInitCustomExit.il ... 
\o 	Loading Environment Settings ...
\o 	Loading Model Management File ...
\o Loading spectrei.cxt 
\o Loading devCheck.cxt 
\o Loading relXpert.cxt 
\o Loading hspiceD.cxt 
\o Loading spectreinl.cxt 
\o Loading UltraSim.cxt 
\o Loading msgHandler.cxt 
\o Loading AMSOSS.cxt 
\o Loading AMS.cxt 
\o 	Loading gpdk045/gpdk045_PDKRegistrations.il ... done!
\o 	Initializing EAD
\o 
\o   *************************************************************           
\o   *              Cadence Design Systems, Inc.                 *           
\o   *                                                           *           
\o   *                    Generic 45nm PDK                       *           
\o   *                        (gpdk045)                          *           
\o   *                                                           *           
\o   *************************************************************           
\o 	
\o 
\o 	VERSION: 6.0 (09-September-2019)
\o 
\o done!
\o Loaded gpdk045/libInit.il successfully!
\# Memory report: using         380 MB, process size 1,667 MB at UTC 2021.01.26 21:36:06.041
\o 
\o *Info*    The auto suspension is disabled.
\o 
\o Loading monte.cxt 
\o 
\o 
\o 
\o 
\o 
\o *Info*    Run start for Point ID (4 1) on testbench [ ID_VDS ].
\o 
\o Resetting statistical vars
\o 
\o *Info*    Setting parameter values ...
\o 
\o Setting temp(T) = 27
\o Setting var vds = "1"
\o Setting var vgs = "0"
\o 
\o *Info*    Netlist Directory =
\o           /home/tdriley/simulation/ece444-labs/nmos_tb/adexl/results/data/Interactive.5/1/ID_VDS/netlist
\o 
\o 
\o *Info*    Data Directory    =
\o           /home/tdriley/simulation/ece444-labs/nmos_tb/adexl/results/data/Interactive.5/1/ID_VDS
\o 
\o 
\o *Info*    Creating Netlist for Point ID (4 1)
\o 
\o generate netlist...
\o Loading seCore.cxt 
\o Begin Incremental Netlisting Jan 26 16:36:07 2021
\o End netlisting Jan 26 16:36:07 2021
\o 
\o 	The netlist is up to date.
\o 	Time taken to compare the design with netlist:   0.0s
\o       ...successful.
\o compose simulator input file...
\o       ...successful.
\o 
\o *Info*    Running simulation on testbench [ ID_VDS ] for Point ID (4
\o           1).
\o 
\o Delete psf data in /home/tdriley/simulation/ece444-labs/nmos_tb/adexl/results/data/Interactive.5/1/ID_VDS/psf.
\o compose simulator input file...
\o       ...successful.
\o start simulator if needed...
\o       ...successful.
\o simulate...
\o To view the simulator output, right-click on the test name, result 
\o name, or any value in the "Results" tab of the Outputs section and 
\o choose "Output Log" menu option.
\o Loading paraplot.cxt 
\# Available memory:         26,516 MB at UTC 2021.01.26 21:36:09.265
\# Memory report: Maximum memory size now 26,912 MB at UTC 2021.01.26 21:36:09.266
\# Thread usage report: 5 active threads, active load 1.00 at UTC 2021.01.26 21:36:09.266
\o INFO (ADE-3071): Simulation completed successfully.
\o reading simulation data...
\o       ...successful.
\o *Info*    Client has finished evaluating ... 
\o 
\o 
\o *Info*    Run complete for Point ID (4 1) on testbench [ ID_VDS ].
\o 
\o 
\o 
\o 
\o 
\o 
\o 
\o 
\o 
\o 
\o *Info*    Run start for Point ID (4 2) on testbench [ ID_VDS ].
\o 
\o Resetting statistical vars
\o 
\o *Info*    Setting parameter values ...
\o 
\o Setting var vgs = "0.2"
\o 
\o *Info*    Netlist Directory =
\o           /home/tdriley/simulation/ece444-labs/nmos_tb/adexl/results/data/Interactive.5/2/ID_VDS/netlist
\o 
\o 
\o *Info*    Data Directory    =
\o           /home/tdriley/simulation/ece444-labs/nmos_tb/adexl/results/data/Interactive.5/2/ID_VDS
\o 
\o 
\o *Info*    Creating Netlist for Point ID (4 2)
\o 
\o generate netlist...
\o Begin Incremental Netlisting Jan 26 16:36:11 2021
\o End netlisting Jan 26 16:36:11 2021
\o 
\o 	The netlist is up to date.
\o 	Time taken to compare the design with netlist:   0.0s
\o       ...successful.
\o compose simulator input file...
\o       ...successful.
\o 
\o *Info*    Running simulation on testbench [ ID_VDS ] for Point ID (4
\o           2).
\o 
\o Delete psf data in /home/tdriley/simulation/ece444-labs/nmos_tb/adexl/results/data/Interactive.5/2/ID_VDS/psf.
\o compose simulator input file...
\o       ...successful.
\o start simulator if needed...
\o       ...successful.
\o simulate...
\o To view the simulator output, right-click on the test name, result 
\o name, or any value in the "Results" tab of the Outputs section and 
\o choose "Output Log" menu option.
\o INFO (ADE-3071): Simulation completed successfully.
\o reading simulation data...
\o       ...successful.
\o *Info*    Client has finished evaluating ... 
\o 
\o 
\o *Info*    Run complete for Point ID (4 2) on testbench [ ID_VDS ].
\o 
\o 
\o 
\o 
\o 
\o 
\o 
\o 
\o 
\o 
\o *Info*    Run start for Point ID (4 3) on testbench [ ID_VDS ].
\o 
\o Resetting statistical vars
\o 
\o *Info*    Setting parameter values ...
\o 
\o Setting var vgs = "0.4"
\o 
\o *Info*    Netlist Directory =
\o           /home/tdriley/simulation/ece444-labs/nmos_tb/adexl/results/data/Interactive.5/3/ID_VDS/netlist
\o 
\o 
\o *Info*    Data Directory    =
\o           /home/tdriley/simulation/ece444-labs/nmos_tb/adexl/results/data/Interactive.5/3/ID_VDS
\o 
\o 
\o *Info*    Creating Netlist for Point ID (4 3)
\o 
\o generate netlist...
\o Begin Incremental Netlisting Jan 26 16:36:13 2021
\o End netlisting Jan 26 16:36:13 2021
\o 
\o 	The netlist is up to date.
\o 	Time taken to compare the design with netlist:   0.0s
\o       ...successful.
\o compose simulator input file...
\o       ...successful.
\o 
\o *Info*    Running simulation on testbench [ ID_VDS ] for Point ID (4
\o           3).
\o 
\o Delete psf data in /home/tdriley/simulation/ece444-labs/nmos_tb/adexl/results/data/Interactive.5/3/ID_VDS/psf.
\o compose simulator input file...
\o       ...successful.
\o start simulator if needed...
\o       ...successful.
\o simulate...
\o To view the simulator output, right-click on the test name, result 
\o name, or any value in the "Results" tab of the Outputs section and 
\o choose "Output Log" menu option.
\o INFO (ADE-3071): Simulation completed successfully.
\o reading simulation data...
\o       ...successful.
\o *Info*    Client has finished evaluating ... 
\o 
\o 
\o *Info*    Run complete for Point ID (4 3) on testbench [ ID_VDS ].
\o 
\o 
\o 
\o 
\o 
\o 
\o 
\o 
\o 
\o 
\o *Info*    Run start for Point ID (4 4) on testbench [ ID_VDS ].
\o 
\o Resetting statistical vars
\o 
\o *Info*    Setting parameter values ...
\o 
\o Setting var vgs = "0.6"
\o 
\o *Info*    Netlist Directory =
\o           /home/tdriley/simulation/ece444-labs/nmos_tb/adexl/results/data/Interactive.5/4/ID_VDS/netlist
\o 
\o 
\o *Info*    Data Directory    =
\o           /home/tdriley/simulation/ece444-labs/nmos_tb/adexl/results/data/Interactive.5/4/ID_VDS
\o 
\o 
\o *Info*    Creating Netlist for Point ID (4 4)
\o 
\o generate netlist...
\o Begin Incremental Netlisting Jan 26 16:36:16 2021
\o End netlisting Jan 26 16:36:16 2021
\o 
\o 	The netlist is up to date.
\o 	Time taken to compare the design with netlist:   0.0s
\o       ...successful.
\o compose simulator input file...
\o       ...successful.
\o 
\o *Info*    Running simulation on testbench [ ID_VDS ] for Point ID (4
\o           4).
\o 
\o Delete psf data in /home/tdriley/simulation/ece444-labs/nmos_tb/adexl/results/data/Interactive.5/4/ID_VDS/psf.
\o compose simulator input file...
\o       ...successful.
\o start simulator if needed...
\o       ...successful.
\o simulate...
\o To view the simulator output, right-click on the test name, result 
\o name, or any value in the "Results" tab of the Outputs section and 
\o choose "Output Log" menu option.
\o INFO (ADE-3071): Simulation completed successfully.
\o reading simulation data...
\o       ...successful.
\o *Info*    Client has finished evaluating ... 
\o 
\o 
\o *Info*    Run complete for Point ID (4 4) on testbench [ ID_VDS ].
\o 
\o 
\o 
\o 
\o 
\o 
\o 
\o 
\o 
\o 
\o *Info*    Run start for Point ID (4 5) on testbench [ ID_VDS ].
\o 
\o Resetting statistical vars
\o 
\o *Info*    Setting parameter values ...
\o 
\o Setting var vgs = "0.8"
\o 
\o *Info*    Netlist Directory =
\o           /home/tdriley/simulation/ece444-labs/nmos_tb/adexl/results/data/Interactive.5/5/ID_VDS/netlist
\o 
\o 
\o *Info*    Data Directory    =
\o           /home/tdriley/simulation/ece444-labs/nmos_tb/adexl/results/data/Interactive.5/5/ID_VDS
\o 
\o 
\o *Info*    Creating Netlist for Point ID (4 5)
\o 
\o generate netlist...
\o Begin Incremental Netlisting Jan 26 16:36:18 2021
\o End netlisting Jan 26 16:36:18 2021
\o 
\o 	The netlist is up to date.
\o 	Time taken to compare the design with netlist:   0.0s
\o       ...successful.
\o compose simulator input file...
\o       ...successful.
\o 
\o *Info*    Running simulation on testbench [ ID_VDS ] for Point ID (4
\o           5).
\o 
\o Delete psf data in /home/tdriley/simulation/ece444-labs/nmos_tb/adexl/results/data/Interactive.5/5/ID_VDS/psf.
\o compose simulator input file...
\o       ...successful.
\o start simulator if needed...
\o       ...successful.
\o simulate...
\o To view the simulator output, right-click on the test name, result 
\o name, or any value in the "Results" tab of the Outputs section and 
\o choose "Output Log" menu option.
\o INFO (ADE-3071): Simulation completed successfully.
\o reading simulation data...
\o       ...successful.
\o *Info*    Client has finished evaluating ... 
\o 
\o 
\o *Info*    Run complete for Point ID (4 5) on testbench [ ID_VDS ].
\o 
\o 
\o 
\o 
\o 
\o 
\o 
\o 
\o 
\o 
\o *Info*    Run start for Point ID (4 6) on testbench [ ID_VDS ].
\o 
\o Resetting statistical vars
\o 
\o *Info*    Setting parameter values ...
\o 
\o Setting var vgs = "1"
\o 
\o *Info*    Netlist Directory =
\o           /home/tdriley/simulation/ece444-labs/nmos_tb/adexl/results/data/Interactive.5/6/ID_VDS/netlist
\o 
\o 
\o *Info*    Data Directory    =
\o           /home/tdriley/simulation/ece444-labs/nmos_tb/adexl/results/data/Interactive.5/6/ID_VDS
\o 
\o 
\o *Info*    Creating Netlist for Point ID (4 6)
\o 
\o generate netlist...
\o Begin Incremental Netlisting Jan 26 16:36:21 2021
\o End netlisting Jan 26 16:36:21 2021
\o 
\o 	The netlist is up to date.
\o 	Time taken to compare the design with netlist:   0.0s
\o       ...successful.
\o compose simulator input file...
\o       ...successful.
\o 
\o *Info*    Running simulation on testbench [ ID_VDS ] for Point ID (4
\o           6).
\o 
\o Delete psf data in /home/tdriley/simulation/ece444-labs/nmos_tb/adexl/results/data/Interactive.5/6/ID_VDS/psf.
\o compose simulator input file...
\o       ...successful.
\o start simulator if needed...
\o       ...successful.
\o simulate...
\o To view the simulator output, right-click on the test name, result 
\o name, or any value in the "Results" tab of the Outputs section and 
\o choose "Output Log" menu option.
\o INFO (ADE-3071): Simulation completed successfully.
\o reading simulation data...
\o       ...successful.
\o *Info*    Client has finished evaluating ... 
\o 
\o 
\o *Info*    Run complete for Point ID (4 6) on testbench [ ID_VDS ].
\o 
\o 
\o 
\o 
\o 
\o Simulation design variables differ from those on the cellView,
\o they have been saved in the file "/tmp/saved-design-variables".
\o To save future changes, copy variables to cellView before exiting.
\o 
\o 
\o *Info*    Configuring the session ...
\o 
\o 	Library      = ece444-labs
\o 	Cell         = nmos_tb
\o 	View         = schematic
\o 	Simulator    = spectre
\o 	State Path   = $AXL_SETUPDB_DIR/test_states
\o 	State Name   = Sqrt_ID_VGS_ID_VDS:1_state_Interactive.5
\o 	Results DB   = /home/tdriley/ece444/gpdk45/ece444#2dlabs/nmos_tb/adexl/results/data/Interactive.5.rdb
\o 	Results Dir  = /home/tdriley/simulation/ece444-labs/nmos_tb/adexl/results/data/Interactive.5/1/Sqrt_ID_VGS
\o 	Results Loc  = /home/tdriley/simulation/ece444-labs/nmos_tb/adexl/results/data
\o 	Project Dir  = /home/tdriley/simulation
\o 	Setup DB loc = /home/tdriley/ece444/gpdk45/ece444#2dlabs/nmos_tb/adexl
\o 	File Encoding = 0
\o 
\o 
\o variable oasisVariableValue redefined
\o variable persistNewList redefined
\o 
\o *Info*    The auto suspension is disabled.
\o 
\o 
\o 
\o 
\o 
\o 
\o *Info*    Run start for Point ID (4 1) on testbench [ Sqrt_ID_VGS ].
\o 
\o Resetting statistical vars
\o 
\o *Info*    Setting parameter values ...
\o 
\o Setting temp(T) = 27
\o Setting var vds = "1"
\o Setting var vgs = "0"
\o 
\o *Info*    Netlist Directory =
\o           /home/tdriley/simulation/ece444-labs/nmos_tb/adexl/results/data/Interactive.5/1/Sqrt_ID_VGS/netlist
\o 
\o 
\o *Info*    Data Directory    =
\o           /home/tdriley/simulation/ece444-labs/nmos_tb/adexl/results/data/Interactive.5/1/Sqrt_ID_VGS
\o 
\o 
\o *Info*    Creating Netlist for Point ID (4 1)
\o 
\o generate netlist...
\o Begin Incremental Netlisting Jan 26 16:36:24 2021
\o End netlisting Jan 26 16:36:24 2021
\o 
\o 	The netlist is up to date.
\o 	Time taken to compare the design with netlist:   0.0s
\o       ...successful.
\o compose simulator input file...
\o       ...successful.
\o 
\o *Info*    Running simulation on testbench [ Sqrt_ID_VGS ] for Point
\o           ID (4 1).
\o 
\o Delete psf data in /home/tdriley/simulation/ece444-labs/nmos_tb/adexl/results/data/Interactive.5/1/Sqrt_ID_VGS/psf.
\o compose simulator input file...
\o       ...successful.
\o start simulator if needed...
\o       ...successful.
\o simulate...
\o To view the simulator output, right-click on the test name, result 
\o name, or any value in the "Results" tab of the Outputs section and 
\o choose "Output Log" menu option.
\o INFO (ADE-3071): Simulation completed successfully.
\o reading simulation data...
\o       ...successful.
\o *Info*    Client has finished evaluating ... 
\o 
\o 
\o *Info*    Run complete for Point ID (4 1) on testbench [ Sqrt_ID_VGS
\o           ].
\o 
\o 
\o 
\o 
\o 
\o Job 2 timed out after no activity in 300 seconds.
\o Simulation design variables differ from those on the cellView,
\o they have been saved in the file "/tmp/saved-design-variables".
\o To save future changes, copy variables to cellView before exiting.
\o 
\o *Info*    Received signal SIGTERM.
\o 
\o 
